<?xml version="1.0" encoding="utf-8"?><testsuites name="pytest tests"><testsuite name="pytest" errors="0" failures="0" skipped="0" tests="7" time="5.497" timestamp="2025-06-04T15:22:08.623766+00:00" hostname="6af99bec9f40"><testcase classname="tests.test_img_class" name="test_return_the_higest_confidence_normal" time="0.002" /><testcase classname="tests.test_img_class" name="test_return_the_higest_confidence_empty" time="0.001" /><testcase classname="tests.test_img_class" name="test_return_the_higest_confidence_none" time="0.001" /><testcase classname="tests.test_img_class" name="test_predict_success" time="0.009" /><testcase classname="tests.test_img_class" name="test_predict_unsupported_media_type" time="0.004" /><testcase classname="tests.test_img_class" name="test_predict_empty_file" time="0.004" /><testcase classname="tests.test_img_class" name="test_predict_internal_error" time="0.447" /></testsuite></testsuites>
